
[1/14] استدعاء الدفعة...
الحالة: processing
آخر صفحة: 10
الدروس التراكمي: 1
المقاطع التراكمي: 17

[2/14] استدعاء الدفعة...
الحالة: processing
آخر صفحة: 20
الدروس التراكمي: 4
المقاطع التراكمي: 11

[3/14] استدعاء الدفعة...
الحالة: processing
آخر صفحة: 30
الدروس التراكمي: 2
المقاطع التراكمي: 11

[4/14] استدعاء الدفعة...
الحالة: processing
آخر صفحة: 40
الدروس التراكمي: 1
المقاطع التراكمي: 12

[5/14] استدعاء الدفعة...
الحالة: processing
آخر صفحة: 50
الدروس التراكمي: 0
المقاطع التراكمي: 11

[6/14] استدعاء الدفعة...
الحالة: processing
آخر صفحة: 60
الدروس التراكمي: 0
المقاطع التراكمي: 10

[7/14] استدعاء الدفعة...
الحالة: processing
آخر صفحة: 70
الدروس التراكمي: 0
المقاطع التراكمي: 11

[8/14] استدعاء الدفعة...
الحالة: processing
آخر صفحة: 80
الدروس التراكمي: 0
المقاطع التراكمي: 10

[9/14] استدعاء الدفعة...
الحالة: processing
آخر صفحة: 90
الدروس التراكمي: 0
المقاطع التراكمي: 11

[10/14] استدعاء الدفعة...
الحالة: processing
آخر صفحة: 100
الدروس التراكمي: 0
المقاطع التراكمي: 10

[11/14] استدعاء الدفعة...
الحالة: processing
آخر صفحة: 110
الدروس التراكمي: 3
المقاطع التراكمي: 12

[12/14] استدعاء الدفعة...
الحالة: processing
آخر صفحة: 120
الدروس التراكمي: 1
المقاطع التراكمي: 11

[13/14] استدعاء الدفعة...
الحالة: processing
آخر صفحة: 130
الدروس التراكمي: 0
المقاطع التراكمي: 11

[14/14] استدعاء الدفعة...
الحالة: done
آخر صفحة: 137
الدروس التراكمي: 0
المقاطع التراكمي: 8

✅ اكتملت المعالجة عند الدفعة 14
